<?xml version="1.0" encoding="UTF-8"?>
<testsuite xmlns:xsi="http://www.w3.org/2001/XMLSchema-instance" xsi:noNamespaceSchemaLocation="https://maven.apache.org/surefire/maven-surefire-plugin/xsd/surefire-test-report-3.0.xsd" version="3.0" name="org.java.PersonManagerListNameTest" time="0.006" tests="3" errors="3" skipped="0" failures="0">
  <properties>
[...]
</properties>
  <testcase name="getPeopleByNameFraPersonManagerTest" classname="org.java.PersonManagerListNameTest" time="0.002">
    <error type="java.lang.NullPointerException"><![CDATA[java.lang.NullPointerException
	at org.java.PersonManager.getPeopleByName(PersonManager.java:32)
	at org.java.PersonManagerListNameTest.getPeopleByNameFraPersonManagerTest(PersonManagerListNameTest.java:44)
	at java.lang.reflect.Method.invoke(Method.java:498)
	at java.util.ArrayList.forEach(ArrayList.java:1259)
	at java.util.ArrayList.forEach(ArrayList.java:1259)
]]></error>
  </testcase>
  <testcase name="getPeopleByNameMarcoPersonManagerTest" classname="org.java.PersonManagerListNameTest" time="0.001">
    <error type="java.lang.NullPointerException"><![CDATA[java.lang.NullPointerException
	at org.java.PersonManager.getPeopleByName(PersonManager.java:32)
	at org.java.PersonManagerListNameTest.getPeopleByNameMarcoPersonManagerTest(PersonManagerListNameTest.java:32)
	at java.lang.reflect.Method.invoke(Method.java:498)
	at java.util.ArrayList.forEach(ArrayList.java:1259)
	at java.util.ArrayList.forEach(ArrayList.java:1259)
]]></error>
  </testcase>
  <testcase name="getPeopleByNameGianniPersonManagerTest" classname="org.java.PersonManagerListNameTest" time="0.001">
    <error type="java.lang.NullPointerException"><![CDATA[java.lang.NullPointerException
	at org.java.PersonManager.getPeopleByName(PersonManager.java:32)
	at org.java.PersonManagerListNameTest.getPeopleByNameGianniPersonManagerTest(PersonManagerListNameTest.java:56)
	at java.lang.reflect.Method.invoke(Method.java:498)
	at java.util.ArrayList.forEach(ArrayList.java:1259)
	at java.util.ArrayList.forEach(ArrayList.java:1259)
]]></error>
  </testcase>
</testsuite>